diamond v2.0.15.153 (C) Max Planck Society for the Advancement of Science
Documentation, support and updates available at http://www.diamondsearch.org
Please cite: http://dx.doi.org/10.1038/s41592-021-01101-x Nature Methods (2021)

#CPU threads: 1
Scoring parameters: (Matrix=BLOSUM62 Lambda=0.267 K=0.041 Penalties=11/1)
Temporary directory: 
#Target sequences to report alignments for: 1
Opening the database...  [0.002s]
Database: 28455.p2.dmnd (type: Diamond database, sequences: 1000, letters: 460707)
Block size = 2000000000
Opening the input file...  [0.001s]
Opening the output file...  [0s]
Loading query sequences...  [0.006s]
Masking queries...  [0.071s]
Algorithm: Double-indexed
Building query histograms...  [0.03s]
Allocating buffers...  [0s]
Loading reference sequences...  [0s]
Masking reference...  [0.04s]
Initializing temporary storage...  [0.002s]
Building reference histograms...  [0.04s]
Allocating buffers...  [0s]
Processing query block 1, reference block 1/1, shape 1/2, index chunk 1/4.
Building reference seed array...  [0.015s]
Building query seed array...  [0.011s]
Computing hash join...  [0.005s]
Masking low complexity seeds...  [0s]
Searching alignments...  [0.001s]
Processing query block 1, reference block 1/1, shape 1/2, index chunk 2/4.
Building reference seed array...  [0.019s]
Building query seed array...  [0.014s]
Computing hash join...  [0.003s]
Masking low complexity seeds...  [0s]
Searching alignments...  [0s]
Processing query block 1, reference block 1/1, shape 1/2, index chunk 3/4.
Building reference seed array...  [0.016s]
Building query seed array...  [0.014s]
Computing hash join...  [0.004s]
Masking low complexity seeds...  [0s]
Searching alignments...  [0s]
Processing query block 1, reference block 1/1, shape 1/2, index chunk 4/4.
Building reference seed array...  [0.013s]
Building query seed array...  [0.012s]
Computing hash join...  [0.003s]
Masking low complexity seeds...  [0s]
Searching alignments...  [0s]
Processing query block 1, reference block 1/1, shape 2/2, index chunk 1/4.
Building reference seed array...  [0.013s]
Building query seed array...  [0.012s]
Computing hash join...  [0.003s]
Masking low complexity seeds...  [0s]
Searching alignments...  [0s]
Processing query block 1, reference block 1/1, shape 2/2, index chunk 2/4.
Building reference seed array...  [0.014s]
Building query seed array...  [0.013s]
Computing hash join...  [0.004s]
Masking low complexity seeds...  [0s]
Searching alignments...  [0s]
Processing query block 1, reference block 1/1, shape 2/2, index chunk 3/4.
Building reference seed array...  [0.016s]
Building query seed array...  [0.018s]
Computing hash join...  [0.005s]
Masking low complexity seeds...  [0s]
Searching alignments...  [0.001s]
Processing query block 1, reference block 1/1, shape 2/2, index chunk 4/4.
Building reference seed array...  [0.018s]
Building query seed array...  [0.016s]
Computing hash join...  [0.006s]
Masking low complexity seeds...  [0s]
Searching alignments...  [0s]
Deallocating buffers...  [0s]
Clearing query masking...  [0s]
Computing alignments...  [0.245s]
Deallocating reference...  [0s]
Loading reference sequences...  [0s]
Deallocating buffers...  [0s]
Deallocating queries...  [0s]
Loading query sequences...  [0s]
Closing the input file...  [0s]
Closing the output file...  [0s]
Cleaning up...  [0s]
Total time = 0.867s
Reported 72 pairwise alignments, 72 HSPs.
72 queries aligned.
 - run the blast : DONE
 - select the reciprocal best hits
 - cleaning temporary files
---------------------------------------------
   Done : found 45 reciprocal best hits.
   Output written in sessionFolder/reciprocal_best_hits.tab
   Log written in sessionFolder/reciprocal_best_hits.tab.log
---------------------------------------------
